2024-12-04 09:38:05,847 [INFO] Activator:176 - 


2024-12-04 09:38:05,849 [INFO] Activator:177 - !SESSION log4j initialized
2024-12-04 09:38:09,576 [INFO] LogOutputStream:77 - [STDOUT_REDIRECT] 
2024-12-04 09:38:12,882 [INFO] ApplicationProperties:184 - Using Application install path: /home/douae/st/stm32cubeide_1.16.1/plugins/com.st.stm32cube.common.mx_6.12.1.202409122256
2024-12-04 09:38:12,905 [INFO] DbMcusXml:78 - Set database path to: /home/douae/st/stm32cubeide_1.16.1/plugins/com.st.stm32cube.common.mx_6.12.1.202409122256//db//mcu/
2024-12-04 09:38:12,906 [INFO] ApiDb:274 - Set plugin database path to: /home/douae/st/stm32cubeide_1.16.1/plugins/com.st.stm32cube.common.mx_6.12.1.202409122256//db//plugins/boardmanager/
2024-12-04 09:38:12,906 [WARN] ApiDb:259 - Overriding images path with different value:  => /home/douae/st/stm32cubeide_1.16.1/plugins/com.st.stm32cube.common.mx_6.12.1.202409122256//db//plugins/mcufinder/images/
2024-12-04 09:38:12,916 [INFO] ApiDb:250 - Set database path to: /home/douae/.stmcufinder/plugins/mcufinder//mcu/
2024-12-04 09:38:12,917 [INFO] DbMcusAds:125 - Set database path to: /home/douae/.stmcufinder/plugins/mcufinder//mcu/
2024-12-04 09:38:12,920 [INFO] CrossReferenceDbSqlite:203 - Set database path to: /home/douae/.stmcufinder/plugins/mcufinder//mcu/cs/
2024-12-04 09:38:13,066 [INFO] RulesReader:64 - Compatibility file has been processed (297 Rules)
2024-12-04 09:38:13,151 [INFO] DbMcusXml:78 - Set database path to: /home/douae/st/stm32cubeide_1.16.1/plugins/com.st.stm32cube.common.mx_6.12.1.202409122256//db//mcu/
2024-12-04 09:38:13,151 [INFO] ApiDb:274 - Set plugin database path to: /home/douae/st/stm32cubeide_1.16.1/plugins/com.st.stm32cube.common.mx_6.12.1.202409122256//db//plugins/boardmanager/
2024-12-04 09:38:13,151 [INFO] ApiDb:261 - Set plugin images path to: /home/douae/st/stm32cubeide_1.16.1/plugins/com.st.stm32cube.common.mx_6.12.1.202409122256//db//plugins/mcufinder/images/
2024-12-04 09:38:13,152 [WARN] DbFile:41 - Overriding database path with different value: /home/douae/.stmcufinder/plugins/mcufinder/ => /home/douae/.stmcufinder/plugins/mcufinder
2024-12-04 09:38:13,152 [INFO] ApiDb:250 - Set database path to: /home/douae/.stmcufinder/plugins/mcufinder//mcu/
2024-12-04 09:38:13,152 [WARN] DbFile:41 - Overriding database path with different value: /home/douae/.stmcufinder/plugins/mcufinder/ => /home/douae/.stmcufinder/plugins/mcufinder
2024-12-04 09:38:13,152 [INFO] DbMcusAds:125 - Set database path to: /home/douae/.stmcufinder/plugins/mcufinder//mcu/
2024-12-04 09:38:13,152 [WARN] DbFile:41 - Overriding database path with different value: /home/douae/.stmcufinder/plugins/mcufinder/ => /home/douae/.stmcufinder/plugins/mcufinder
2024-12-04 09:38:13,152 [WARN] DbFile:41 - Overriding database path with different value: /home/douae/.stmcufinder/plugins/mcufinder/ => /home/douae/.stmcufinder/plugins/mcufinder
2024-12-04 09:38:13,153 [INFO] CrossReferenceDbSqlite:203 - Set database path to: /home/douae/.stmcufinder/plugins/mcufinder//mcu/cs/
2024-12-04 09:38:13,241 [INFO] MainPanel:268 - HeapMemory: 268435456
2024-12-04 09:38:13,401 [INFO] DbMcusXml:78 - Set database path to: /home/douae/st/stm32cubeide_1.16.1/plugins/com.st.stm32cube.common.mx_6.12.1.202409122256//db//mcu/
2024-12-04 09:38:13,401 [INFO] ApiDb:274 - Set plugin database path to: /home/douae/st/stm32cubeide_1.16.1/plugins/com.st.stm32cube.common.mx_6.12.1.202409122256//db//plugins/boardmanager/
2024-12-04 09:38:13,401 [INFO] ApiDb:261 - Set plugin images path to: /home/douae/st/stm32cubeide_1.16.1/plugins/com.st.stm32cube.common.mx_6.12.1.202409122256//db//plugins/mcufinder/images/
2024-12-04 09:38:13,402 [WARN] DbFile:41 - Overriding database path with different value: /home/douae/.stmcufinder/plugins/mcufinder/ => /home/douae/.stmcufinder/plugins/mcufinder
2024-12-04 09:38:13,402 [INFO] ApiDb:250 - Set database path to: /home/douae/.stmcufinder/plugins/mcufinder//mcu/
2024-12-04 09:38:13,402 [WARN] DbFile:41 - Overriding database path with different value: /home/douae/.stmcufinder/plugins/mcufinder/ => /home/douae/.stmcufinder/plugins/mcufinder
2024-12-04 09:38:13,402 [INFO] DbMcusAds:125 - Set database path to: /home/douae/.stmcufinder/plugins/mcufinder//mcu/
2024-12-04 09:38:13,402 [WARN] DbFile:41 - Overriding database path with different value: /home/douae/.stmcufinder/plugins/mcufinder/ => /home/douae/.stmcufinder/plugins/mcufinder
2024-12-04 09:38:13,403 [WARN] DbFile:41 - Overriding database path with different value: /home/douae/.stmcufinder/plugins/mcufinder/ => /home/douae/.stmcufinder/plugins/mcufinder
2024-12-04 09:38:13,403 [INFO] CrossReferenceDbSqlite:203 - Set database path to: /home/douae/.stmcufinder/plugins/mcufinder//mcu/cs/
2024-12-04 09:38:13,423 [INFO] ApplicationProperties:184 - Using Application install path: /home/douae/st/stm32cubeide_1.16.1/plugins/com.st.stm32cube.common.mx_6.12.1.202409122256
2024-12-04 09:38:13,425 [INFO] PluginManage:196 - Search for loadable plugins [exclusion list=, ]
2024-12-04 09:38:13,426 [INFO] PluginManage:310 - Check plugin analytics
2024-12-04 09:38:13,611 [INFO] AnalyticsPlugin:253 - Accepted Software Licenses: 
2024-12-04 09:38:13,611 [INFO] AnalyticsPlugin:255 - Accepted CMSIS Pack Licenses: 
2024-12-04 09:38:13,611 [INFO] AnalyticsPlugin:257 - Accepted Firmware Licenses: 
2024-12-04 09:38:13,614 [INFO] PluginManage:359 - Loaded plugin analytics (category:tool,tabindex:-1)
2024-12-04 09:38:13,615 [INFO] PluginManage:310 - Check plugin cadmodel
2024-12-04 09:38:13,620 [INFO] CADModel:105 - Init CAD model plugin
2024-12-04 09:38:13,621 [INFO] PluginManage:359 - Loaded plugin cadmodel (category:power,tabindex:5)
2024-12-04 09:38:13,621 [INFO] PluginManage:310 - Check plugin clock
2024-12-04 09:38:13,631 [INFO] PluginManage:359 - Loaded plugin clock (category:base,tabindex:2)
2024-12-04 09:38:13,631 [INFO] PluginManage:310 - Check plugin ddr
2024-12-04 09:38:13,634 [INFO] PluginManage:359 - Loaded plugin ddr (category:tool,tabindex:6)
2024-12-04 09:38:13,634 [INFO] PluginManage:310 - Check plugin filemanager
2024-12-04 09:38:13,805 [INFO] PluginManage:359 - Loaded plugin filemanager (category:base,tabindex:10)
2024-12-04 09:38:13,805 [INFO] PluginManage:310 - Check plugin ipmanager
2024-12-04 09:38:13,816 [INFO] PluginManage:359 - Loaded plugin ipmanager (category:base,tabindex:5)
2024-12-04 09:38:13,816 [INFO] PluginManage:310 - Check plugin lpbam
2024-12-04 09:38:13,829 [INFO] PluginManage:359 - Loaded plugin lpbam (category:base,tabindex:0)
2024-12-04 09:38:13,830 [INFO] PluginManage:310 - Check plugin memorymap
2024-12-04 09:38:13,848 [INFO] PluginManage:359 - Loaded plugin memorymap (category:base,tabindex:4)
2024-12-04 09:38:13,848 [INFO] PluginManage:310 - Check plugin pinoutandconfiguration
2024-12-04 09:38:13,859 [INFO] PluginManage:359 - Loaded plugin pinoutandconfiguration (category:base,tabindex:1)
2024-12-04 09:38:13,859 [INFO] PluginManage:310 - Check plugin pinoutconfig
2024-12-04 09:38:13,962 [WARN] SupportedApi:132 - Cannot load RTOS API schema: s4s-elt-must-match.1: The content of 'definitions' must match (annotation?, (simpleType | complexType)?, (unique | key | keyref)*)). A problem was found starting at: attribute.
2024-12-04 09:38:14,201 [INFO] PluginManage:359 - Loaded plugin pinoutconfig (category:base,tabindex:0)
2024-12-04 09:38:14,202 [INFO] PluginManage:310 - Check plugin power
2024-12-04 09:38:14,221 [INFO] PluginManage:359 - Loaded plugin power (category:power,tabindex:4)
2024-12-04 09:38:14,222 [INFO] PluginManage:310 - Check plugin projectmanager
2024-12-04 09:38:14,263 [INFO] PluginManage:359 - Loaded plugin projectmanager (category:projectmanager,tabindex:4)
2024-12-04 09:38:14,264 [INFO] PluginManage:310 - Check plugin rif
2024-12-04 09:38:14,272 [INFO] PluginManage:359 - Loaded plugin rif (category:base,tabindex:3)
2024-12-04 09:38:14,272 [INFO] PluginManage:310 - Check plugin thirdparty
2024-12-04 09:38:14,459 [INFO] PluginManage:359 - Loaded plugin thirdparty (category:base,tabindex:-1)
2024-12-04 09:38:14,459 [WARN] IntegrityCheckThread:84 - waiting for thirdparty lock release [integrity check]
2024-12-04 09:38:14,459 [INFO] IntegrityCheckThread:86 - entering critical section [integrity check]
2024-12-04 09:38:14,459 [INFO] PluginManage:310 - Check plugin tools
2024-12-04 09:38:14,460 [INFO] ThirdPartyUpdaterWithRetryManager:70 - Updater plugin not ready yet. [1/15]
2024-12-04 09:38:14,464 [INFO] PluginManage:359 - Loaded plugin tools (category:base,tabindex:7)
2024-12-04 09:38:14,464 [INFO] PluginManage:310 - Check plugin tutovideos
2024-12-04 09:38:14,656 [INFO] PluginManage:359 - Loaded plugin tutovideos (category:base,tabindex:-1)
2024-12-04 09:38:14,657 [INFO] PluginManage:310 - Check plugin updater
2024-12-04 09:38:14,681 [INFO] PluginManage:359 - Loaded plugin updater (category:base,tabindex:12)
2024-12-04 09:38:14,681 [INFO] PluginManage:310 - Check plugin userauth
2024-12-04 09:38:14,689 [INFO] UserAuth:113 - Init User Auth plugin
2024-12-04 09:38:14,689 [INFO] PluginManage:359 - Loaded plugin userauth (category:base,tabindex:14)
2024-12-04 09:38:14,690 [INFO] PluginManage:283 - PluginManage : Loaded plugins [18]
2024-12-04 09:38:14,942 [INFO] PinOutPanel:1561 - setPackage(No Configuration,No Configuration)
2024-12-04 09:38:15,069 [INFO] CADModel:165 - CPN selected for project level
2024-12-04 09:38:15,069 [INFO] CADModel:114 - Register for checkConnection events
2024-12-04 09:38:15,088 [INFO] IPUIPlugin:80 - create IPUIPlugin
2024-12-04 09:38:15,089 [INFO] PluginManager:220 - loadIPPluginJar : add usbx
2024-12-04 09:38:15,094 [INFO] IPUIPlugin:80 - create IPUIPlugin
2024-12-04 09:38:15,094 [INFO] PluginManager:220 - loadIPPluginJar : add dma
2024-12-04 09:38:15,097 [INFO] IPUIPlugin:80 - create IPUIPlugin
2024-12-04 09:38:15,097 [INFO] PluginManager:220 - loadIPPluginJar : add i2c
2024-12-04 09:38:15,100 [INFO] IPUIPlugin:80 - create IPUIPlugin
2024-12-04 09:38:15,101 [INFO] PluginManager:220 - loadIPPluginJar : add touchsensing
2024-12-04 09:38:15,103 [INFO] IPUIPlugin:80 - create IPUIPlugin
2024-12-04 09:38:15,103 [INFO] PluginManager:220 - loadIPPluginJar : add dma3
2024-12-04 09:38:15,105 [INFO] IPUIPlugin:80 - create IPUIPlugin
2024-12-04 09:38:15,105 [INFO] PluginManager:220 - loadIPPluginJar : add genericplugin
2024-12-04 09:38:15,106 [INFO] IPUIPlugin:80 - create IPUIPlugin
2024-12-04 09:38:15,106 [INFO] PluginManager:220 - loadIPPluginJar : add ltdc
2024-12-04 09:38:15,112 [INFO] IPUIPlugin:80 - create IPUIPlugin
2024-12-04 09:38:15,112 [INFO] PluginManager:220 - loadIPPluginJar : add mdma
2024-12-04 09:38:15,115 [INFO] IPUIPlugin:80 - create IPUIPlugin
2024-12-04 09:38:15,115 [INFO] PluginManager:220 - loadIPPluginJar : add nvic
2024-12-04 09:38:15,118 [INFO] IPUIPlugin:80 - create IPUIPlugin
2024-12-04 09:38:15,118 [INFO] PluginManager:220 - loadIPPluginJar : add cryp
2024-12-04 09:38:15,123 [INFO] IPUIPlugin:80 - create IPUIPlugin
2024-12-04 09:38:15,123 [INFO] PluginManager:220 - loadIPPluginJar : add gic
2024-12-04 09:38:15,125 [INFO] IPUIPlugin:80 - create IPUIPlugin
2024-12-04 09:38:15,126 [INFO] PluginManager:220 - loadIPPluginJar : add aes
2024-12-04 09:38:15,130 [INFO] IPUIPlugin:80 - create IPUIPlugin
2024-12-04 09:38:15,130 [INFO] PluginManager:220 - loadIPPluginJar : add gpio
2024-12-04 09:38:15,132 [INFO] IPUIPlugin:80 - create IPUIPlugin
2024-12-04 09:38:15,132 [INFO] PluginManager:220 - loadIPPluginJar : add tsc
2024-12-04 09:38:15,138 [INFO] IPUIPlugin:80 - create IPUIPlugin
2024-12-04 09:38:15,138 [INFO] PluginManager:220 - loadIPPluginJar : add resmgrutility
2024-12-04 09:38:15,141 [INFO] IPUIPlugin:80 - create IPUIPlugin
2024-12-04 09:38:15,141 [INFO] PluginManager:220 - loadIPPluginJar : add ddr_ctrl_phy
2024-12-04 09:38:15,143 [INFO] IPUIPlugin:80 - create IPUIPlugin
2024-12-04 09:38:15,143 [INFO] PluginManager:220 - loadIPPluginJar : add gfxmmu
2024-12-04 09:38:15,146 [INFO] IPUIPlugin:80 - create IPUIPlugin
2024-12-04 09:38:15,146 [INFO] PluginManager:220 - loadIPPluginJar : add spi
2024-12-04 09:38:15,148 [INFO] IPUIPlugin:80 - create IPUIPlugin
2024-12-04 09:38:15,148 [INFO] PluginManager:220 - loadIPPluginJar : add quadspi
2024-12-04 09:38:15,156 [INFO] IPUIPlugin:80 - create IPUIPlugin
2024-12-04 09:38:15,159 [INFO] PluginManager:220 - loadIPPluginJar : add plateformsettings
2024-12-04 09:38:15,161 [INFO] IPUIPlugin:80 - create IPUIPlugin
2024-12-04 09:38:15,161 [INFO] PluginManager:220 - loadIPPluginJar : add ucpd
2024-12-04 09:38:15,163 [INFO] IPUIPlugin:80 - create IPUIPlugin
2024-12-04 09:38:15,163 [INFO] PluginManager:220 - loadIPPluginJar : add ts
2024-12-04 09:38:15,172 [INFO] IPUIPlugin:80 - create IPUIPlugin
2024-12-04 09:38:15,173 [INFO] PluginManager:220 - loadIPPluginJar : add linkedlist
2024-12-04 09:38:15,175 [INFO] IPUIPlugin:80 - create IPUIPlugin
2024-12-04 09:38:15,176 [INFO] PluginManager:220 - loadIPPluginJar : add opamp
2024-12-04 09:38:15,179 [INFO] IPUIPlugin:80 - create IPUIPlugin
2024-12-04 09:38:15,179 [INFO] PluginManager:220 - loadIPPluginJar : add can
2024-12-04 09:38:15,181 [INFO] IPUIPlugin:80 - create IPUIPlugin
2024-12-04 09:38:15,182 [INFO] PluginManager:220 - loadIPPluginJar : add hash
2024-12-04 09:38:15,187 [INFO] IPUIPlugin:80 - create IPUIPlugin
2024-12-04 09:38:15,187 [INFO] PluginManager:220 - loadIPPluginJar : add fmc
2024-12-04 09:38:15,190 [INFO] IPUIPlugin:80 - create IPUIPlugin
2024-12-04 09:38:15,190 [INFO] PluginManager:220 - loadIPPluginJar : add i3c
2024-12-04 09:38:15,193 [INFO] IPUIPlugin:80 - create IPUIPlugin
2024-12-04 09:38:15,193 [INFO] PluginManager:220 - loadIPPluginJar : add dfsdm
2024-12-04 09:38:15,196 [INFO] IPUIPlugin:80 - create IPUIPlugin
2024-12-04 09:38:15,196 [INFO] PluginManager:220 - loadIPPluginJar : add i2s
2024-12-04 09:38:15,199 [INFO] IPUIPlugin:80 - create IPUIPlugin
2024-12-04 09:38:15,200 [INFO] PluginManager:220 - loadIPPluginJar : add usart
2024-12-04 09:38:15,202 [INFO] IPUIPlugin:80 - create IPUIPlugin
2024-12-04 09:38:15,203 [INFO] PluginManager:220 - loadIPPluginJar : add radio
2024-12-04 09:38:15,207 [INFO] IPUIPlugin:80 - create IPUIPlugin
2024-12-04 09:38:15,207 [INFO] PluginManager:220 - loadIPPluginJar : add openamp
2024-12-04 09:38:15,209 [INFO] IPUIPlugin:80 - create IPUIPlugin
2024-12-04 09:38:15,209 [INFO] PluginManager:220 - loadIPPluginJar : add comp
2024-12-04 09:38:15,213 [INFO] IPUIPlugin:80 - create IPUIPlugin
2024-12-04 09:38:15,213 [INFO] PluginManager:220 - loadIPPluginJar : add gtzc
2024-12-04 09:38:15,221 [INFO] IPUIPlugin:80 - create IPUIPlugin
2024-12-04 09:38:15,221 [INFO] PluginManager:220 - loadIPPluginJar : add stm32_wpan
2024-12-04 09:38:15,223 [INFO] IPUIPlugin:80 - create IPUIPlugin
2024-12-04 09:38:15,223 [INFO] PluginManager:220 - loadIPPluginJar : add tim
2024-12-04 09:38:15,227 [INFO] IPUIPlugin:80 - create IPUIPlugin
2024-12-04 09:38:15,228 [INFO] PluginManager:220 - loadIPPluginJar : add pdm2pcm
2024-12-04 09:38:15,230 [INFO] IPUIPlugin:80 - create IPUIPlugin
2024-12-04 09:38:15,230 [INFO] PluginManager:220 - loadIPPluginJar : add tracer_emb
2024-12-04 09:38:15,238 [INFO] IPUIPlugin:80 - create IPUIPlugin
2024-12-04 09:38:15,238 [INFO] PluginManager:220 - loadIPPluginJar : add freertos
2024-12-04 09:38:15,242 [INFO] IPUIPlugin:80 - create IPUIPlugin
2024-12-04 09:38:15,242 [INFO] PluginManager:220 - loadIPPluginJar : add extmemmanager
2024-12-04 09:38:15,246 [INFO] IPUIPlugin:80 - create IPUIPlugin
2024-12-04 09:38:15,246 [INFO] PluginManager:220 - loadIPPluginJar : add ipddr
2024-12-04 09:38:15,253 [INFO] IPUIPlugin:80 - create IPUIPlugin
2024-12-04 09:38:15,254 [INFO] PluginManager:220 - loadIPPluginJar : add adc
2024-12-04 09:38:15,256 [INFO] IPUIPlugin:80 - create IPUIPlugin
2024-12-04 09:38:15,256 [INFO] PluginManager:220 - loadIPPluginJar : add fatfs
2024-12-04 09:38:15,259 [INFO] IPUIPlugin:80 - create IPUIPlugin
2024-12-04 09:38:15,259 [INFO] PluginManager:220 - loadIPPluginJar : add lorawan
2024-12-04 09:38:15,264 [INFO] IPUIPlugin:80 - create IPUIPlugin
2024-12-04 09:38:15,264 [INFO] PluginManager:220 - loadIPPluginJar : add sai
2024-12-04 09:38:15,374 [INFO] CADModel:165 - CPN selected for project level
2024-12-04 09:38:15,374 [INFO] CADModel:114 - Register for checkConnection events
2024-12-04 09:38:15,374 [FATAL] Updater:334 - Updater called before beeing initialized
2024-12-04 09:38:15,374 [ERROR] CADModel:125 - Updater not yet initialized, retry later 
2024-12-04 09:38:15,517 [INFO] CADModel:165 - CPN selected for project level
2024-12-04 09:38:15,517 [INFO] CADModel:114 - Register for checkConnection events
2024-12-04 09:38:15,517 [FATAL] Updater:334 - Updater called before beeing initialized
2024-12-04 09:38:15,517 [ERROR] CADModel:125 - Updater not yet initialized, retry later 
2024-12-04 09:38:15,521 [FATAL] Updater:334 - Updater called before beeing initialized
2024-12-04 09:38:15,625 [FATAL] Updater:334 - Updater called before beeing initialized
2024-12-04 09:38:15,630 [INFO] DbMcusAds:53 - JSON generation date=Fri Sep 20 15:04:23 CEST 2024 (1726837463113)
2024-12-04 09:38:15,630 [FATAL] Updater:334 - Updater called before beeing initialized
2024-12-04 09:38:15,670 [WARN] DetailPanel:346 - Failed to get advertising image, set to default
2024-12-04 09:38:15,750 [FATAL] Updater:334 - Updater called before beeing initialized
2024-12-04 09:38:15,752 [FATAL] Updater:334 - Updater called before beeing initialized
2024-12-04 09:38:15,752 [FATAL] Updater:334 - Updater called before beeing initialized
2024-12-04 09:38:15,752 [WARN] DetailPanel:346 - Failed to get advertising image, set to default
2024-12-04 09:38:15,753 [FATAL] Updater:334 - Updater called before beeing initialized
2024-12-04 09:38:15,793 [ERROR] Updater:1164 - MainUpdater not yet initialized. External WinMGr cannot be set.
2024-12-04 09:38:15,797 [INFO] Updater:1100 - Updater Version found : 6.12.1
2024-12-04 09:38:15,824 [INFO] ApplicationProperties:184 - Using Application install path: /home/douae/st/stm32cubeide_1.16.1/plugins/com.st.stm32cube.common.mx_6.12.1.202409122256
2024-12-04 09:38:16,308 [INFO] MainUpdater:2873 - connection check result : 10
2024-12-04 09:38:16,309 [INFO] MainUpdater:290 - Updater Check For Update Now.
2024-12-04 09:38:16,310 [INFO] MicroXplorer:498 - Change Database Version : DB.6.0.121
2024-12-04 09:38:16,320 [INFO] McuFinderGlobals:63 - Set McuFinder mode to 2 (CubeIDE integrated)
2024-12-04 09:38:16,321 [INFO] UserAuth:179 - activating auth plugin
2024-12-04 09:38:16,327 [INFO] UserAuth:417 - Internet connection configuration mode: 1
2024-12-04 09:38:16,356 [INFO] JxBrowserEngine:152 - Initiate JxBrowser Engine with user profile folder
2024-12-04 09:38:16,566 [INFO] CheckServerUpdateThread:120 - End of CheckServer Thread
2024-12-04 09:38:17,428 [INFO] WebApp:167 - Instantiating new browser for Auth
2024-12-04 09:38:17,616 [WARN] PackLoader:240 - Cannot read IP mode file for STMicroelectronics.FP-SNS-MOTENVWB1.1.4.0
2024-12-04 09:38:17,627 [WARN] PackLoader:240 - Cannot read IP mode file for STMicroelectronics.FP-ATR-ASTRA1.2.0.1
2024-12-04 09:38:17,638 [WARN] PackLoader:240 - Cannot read IP mode file for STMicroelectronics.X-CUBE-SMBUS.2.1.0
2024-12-04 09:38:17,651 [WARN] PackLoader:240 - Cannot read IP mode file for STMicroelectronics.X-CUBE-WB05N.1.1.0
2024-12-04 09:38:17,710 [WARN] PackLoader:240 - Cannot read IP mode file for STMicroelectronics.X-CUBE-AZRTOS-F7.1.1.0
2024-12-04 09:38:17,819 [WARN] PackLoader:240 - Cannot read IP mode file for STMicroelectronics.X-CUBE-MEMS1.11.0.0
2024-12-04 09:38:18,152 [WARN] PackLoader:240 - Cannot read IP mode file for STMicroelectronics.FP-SNS-FLIGHT1.5.0.2
2024-12-04 09:38:18,164 [WARN] PackLoader:240 - Cannot read IP mode file for STMicroelectronics.X-CUBE-DISPLAY.3.0.0
2024-12-04 09:38:18,177 [WARN] PackLoader:240 - Cannot read IP mode file for STMicroelectronics.X-CUBE-BLE1.7.0.0
2024-12-04 09:38:18,185 [WARN] PackLoader:240 - Cannot read IP mode file for STMicroelectronics.X-CUBE-NFC10.1.0.0
2024-12-04 09:38:18,193 [WARN] PackLoader:240 - Cannot read IP mode file for emotas.I-CUBE-CANOPEN.1.3.0
2024-12-04 09:38:18,211 [WARN] PackLoader:240 - Cannot read IP mode file for STMicroelectronics.X-CUBE-BLEMGR.3.1.0
2024-12-04 09:38:18,219 [WARN] PackLoader:240 - Cannot read IP mode file for STMicroelectronics.FP-SNS-SMARTAG2.1.2.0
2024-12-04 09:38:18,230 [INFO] LogOutputStream:77 - [STDOUT_REDIRECT] 1 : Invalid condition id : UX_CORESTACK_Condition cause : null
2024-12-04 09:38:18,232 [INFO] LogOutputStream:77 - [STDOUT_REDIRECT] 1 : Invalid condition id : UX_CORESTACK_Condition cause : null
2024-12-04 09:38:18,232 [INFO] LogOutputStream:77 - [STDOUT_REDIRECT] 1 : Invalid condition id : UX_CORESTACK_Condition cause : null
2024-12-04 09:38:18,233 [INFO] LogOutputStream:77 - [STDOUT_REDIRECT] 1 : Invalid condition id : UX_CORESTACK_Condition cause : null
2024-12-04 09:38:18,233 [INFO] LogOutputStream:77 - [STDOUT_REDIRECT] 1 : Invalid condition id : UX_CORESTACK_Condition cause : null
2024-12-04 09:38:18,240 [WARN] PackLoader:240 - Cannot read IP mode file for STMicroelectronics.X-CUBE-AZRTOS-WL.2.0.0
2024-12-04 09:38:18,247 [WARN] PackLoader:240 - Cannot read IP mode file for STMicroelectronics.FP-SNS-MOTENV1.5.0.0
2024-12-04 09:38:18,259 [WARN] PackLoader:240 - Cannot read IP mode file for wolfSSL.I-CUBE-wolfMQTT.1.19.0
2024-12-04 09:38:18,268 [WARN] PackLoader:240 - Cannot read IP mode file for WES.I-CUBE-Cesium.1.3.0
2024-12-04 09:38:18,274 [WARN] PackLoader:240 - Cannot read IP mode file for STMicroelectronics.X-CUBE-BLE2.3.3.0
2024-12-04 09:38:18,283 [WARN] PackLoader:240 - Cannot read IP mode file for STMicroelectronics.X-CUBE-NFC9.1.0.0
2024-12-04 09:38:18,295 [WARN] PackLoader:240 - Cannot read IP mode file for STMicroelectronics.X-CUBE-TCPP.4.1.0
2024-12-04 09:38:18,317 [WARN] PackLoader:240 - Cannot read IP mode file for STMicroelectronics.X-CUBE-AZRTOS-G0.1.1.0
2024-12-04 09:38:18,328 [WARN] PackLoader:240 - Cannot read IP mode file for STMicroelectronics.X-CUBE-SAFEA1.1.2.2
2024-12-04 09:38:18,337 [WARN] PackLoader:240 - Cannot read IP mode file for STMicroelectronics.X-CUBE-NFC4.3.0.0
2024-12-04 09:38:18,351 [WARN] PackLoader:240 - Cannot read IP mode file for EmbeddedOffice.I-CUBE-FS-RTOS.1.0.1
2024-12-04 09:38:18,351 [ERROR] ConditionMgr:805 - Attr not supported : Dmpu
2024-12-04 09:38:18,351 [ERROR] ConditionMgr:805 - Attr not supported : Dmpu
2024-12-04 09:38:18,351 [ERROR] ConditionMgr:805 - Attr not supported : Dmpu
2024-12-04 09:38:18,352 [ERROR] ConditionMgr:805 - Attr not supported : Dmpu
2024-12-04 09:38:18,352 [ERROR] ConditionMgr:805 - Attr not supported : Dmpu
2024-12-04 09:38:18,352 [ERROR] ConditionMgr:805 - Attr not supported : Dmpu
2024-12-04 09:38:18,352 [ERROR] ConditionMgr:805 - Attr not supported : Dmpu
2024-12-04 09:38:18,352 [ERROR] ConditionMgr:805 - Attr not supported : Dmpu
2024-12-04 09:38:18,352 [ERROR] ConditionMgr:805 - Attr not supported : Dmpu
2024-12-04 09:38:18,352 [ERROR] ConditionMgr:805 - Attr not supported : Dmpu
2024-12-04 09:38:18,352 [ERROR] ConditionMgr:805 - Attr not supported : Dmpu
2024-12-04 09:38:18,352 [ERROR] ConditionMgr:805 - Attr not supported : Dmpu
2024-12-04 09:38:18,353 [ERROR] ConditionMgr:805 - Attr not supported : Dmpu
2024-12-04 09:38:18,353 [ERROR] ConditionMgr:805 - Attr not supported : Dmpu
2024-12-04 09:38:18,353 [ERROR] ConditionMgr:805 - Attr not supported : Dmpu
2024-12-04 09:38:18,353 [ERROR] ConditionMgr:805 - Attr not supported : Dmpu
2024-12-04 09:38:18,353 [ERROR] ConditionMgr:805 - Attr not supported : Dmpu
2024-12-04 09:38:18,353 [ERROR] ConditionMgr:805 - Attr not supported : Dmpu
2024-12-04 09:38:18,353 [ERROR] ConditionMgr:805 - Attr not supported : Dmpu
2024-12-04 09:38:18,354 [ERROR] ConditionMgr:805 - Attr not supported : Dmpu
2024-12-04 09:38:18,354 [ERROR] ConditionMgr:805 - Attr not supported : Dmpu
2024-12-04 09:38:18,354 [ERROR] ConditionMgr:805 - Attr not supported : Dmpu
2024-12-04 09:38:18,354 [ERROR] ConditionMgr:805 - Attr not supported : Dmpu
2024-12-04 09:38:18,354 [ERROR] ConditionMgr:805 - Attr not supported : Dmpu
2024-12-04 09:38:18,354 [ERROR] ConditionMgr:805 - Attr not supported : Dmpu
2024-12-04 09:38:18,354 [ERROR] ConditionMgr:805 - Attr not supported : Dmpu
2024-12-04 09:38:18,354 [ERROR] ConditionMgr:805 - Attr not supported : Dmpu
2024-12-04 09:38:18,354 [ERROR] ConditionMgr:805 - Attr not supported : Dmpu
2024-12-04 09:38:18,355 [ERROR] ConditionMgr:805 - Attr not supported : Dmpu
2024-12-04 09:38:18,355 [ERROR] ConditionMgr:805 - Attr not supported : Dmpu
2024-12-04 09:38:18,355 [ERROR] ConditionMgr:805 - Attr not supported : Dmpu
2024-12-04 09:38:18,355 [ERROR] ConditionMgr:805 - Attr not supported : Dmpu
2024-12-04 09:38:18,355 [ERROR] ConditionMgr:805 - Attr not supported : Dmpu
2024-12-04 09:38:18,355 [ERROR] ConditionMgr:805 - Attr not supported : Dmpu
2024-12-04 09:38:18,355 [ERROR] ConditionMgr:805 - Attr not supported : Dmpu
2024-12-04 09:38:18,356 [ERROR] ConditionMgr:805 - Attr not supported : Dmpu
2024-12-04 09:38:18,356 [ERROR] ConditionMgr:805 - Attr not supported : Dmpu
2024-12-04 09:38:18,356 [ERROR] ConditionMgr:805 - Attr not supported : Dmpu
2024-12-04 09:38:18,356 [ERROR] ConditionMgr:805 - Attr not supported : Dmpu
2024-12-04 09:38:18,356 [ERROR] ConditionMgr:805 - Attr not supported : Dmpu
2024-12-04 09:38:18,356 [ERROR] ConditionMgr:805 - Attr not supported : Dmpu
2024-12-04 09:38:18,356 [ERROR] ConditionMgr:805 - Attr not supported : Dmpu
2024-12-04 09:38:18,356 [ERROR] ConditionMgr:805 - Attr not supported : Dmpu
2024-12-04 09:38:18,357 [ERROR] ConditionMgr:805 - Attr not supported : Dmpu
2024-12-04 09:38:18,357 [ERROR] ConditionMgr:805 - Attr not supported : Dmpu
2024-12-04 09:38:18,357 [ERROR] ConditionMgr:805 - Attr not supported : Dmpu
2024-12-04 09:38:18,357 [ERROR] ConditionMgr:805 - Attr not supported : Dmpu
2024-12-04 09:38:18,357 [ERROR] ConditionMgr:805 - Attr not supported : Dmpu
2024-12-04 09:38:18,357 [ERROR] ConditionMgr:805 - Attr not supported : Dmpu
2024-12-04 09:38:18,357 [ERROR] ConditionMgr:805 - Attr not supported : Dmpu
2024-12-04 09:38:18,357 [ERROR] ConditionMgr:805 - Attr not supported : Dmpu
2024-12-04 09:38:18,357 [ERROR] ConditionMgr:805 - Attr not supported : Dmpu
2024-12-04 09:38:18,357 [ERROR] ConditionMgr:805 - Attr not supported : Dmpu
2024-12-04 09:38:18,358 [ERROR] ConditionMgr:805 - Attr not supported : Dmpu
2024-12-04 09:38:18,358 [ERROR] ConditionMgr:805 - Attr not supported : Dmpu
2024-12-04 09:38:18,358 [ERROR] ConditionMgr:805 - Attr not supported : Dmpu
2024-12-04 09:38:18,358 [ERROR] ConditionMgr:805 - Attr not supported : Dmpu
2024-12-04 09:38:18,358 [ERROR] ConditionMgr:805 - Attr not supported : Dmpu
2024-12-04 09:38:18,358 [ERROR] ConditionMgr:805 - Attr not supported : Dmpu
2024-12-04 09:38:18,358 [ERROR] ConditionMgr:805 - Attr not supported : Dmpu
2024-12-04 09:38:18,358 [ERROR] ConditionMgr:805 - Attr not supported : Dmpu
2024-12-04 09:38:18,358 [ERROR] ConditionMgr:805 - Attr not supported : Dmpu
2024-12-04 09:38:18,359 [ERROR] ConditionMgr:805 - Attr not supported : Dmpu
2024-12-04 09:38:18,359 [ERROR] ConditionMgr:805 - Attr not supported : Dmpu
2024-12-04 09:38:18,363 [WARN] PackLoader:240 - Cannot read IP mode file for RealThread.X-CUBE-RT-Thread_Nano.4.1.1
2024-12-04 09:38:18,367 [WARN] PackLoader:240 - Cannot read IP mode file for STMicroelectronics.FP-ATR-SIGFOX1.3.2.0
2024-12-04 09:38:18,371 [WARN] PackLoader:240 - Cannot read IP mode file for wolfSSL.I-CUBE-wolfSSL.5.7.2
2024-12-04 09:38:18,376 [WARN] ConditionMgr:438 - getConditionDescription Invalid condition id : Cortex-A Device cause : null
2024-12-04 09:38:18,392 [WARN] ConditionMgr:1039 - genDependencies : Invalid condition id : Cortex-A Device cause : null
2024-12-04 09:38:18,392 [WARN] ConditionMgr:1039 - genDependencies : Invalid condition id : Cortex-A Device cause : null
2024-12-04 09:38:18,392 [WARN] ConditionMgr:1039 - genDependencies : Invalid condition id : Cortex-A Device cause : null
2024-12-04 09:38:18,398 [WARN] PackLoader:240 - Cannot read IP mode file for STMicroelectronics.X-CUBE-EEPRMA1.5.1.0
2024-12-04 09:38:18,405 [WARN] PackLoader:240 - Cannot read IP mode file for ITTIA_DB.I-CUBE-ITTIADB.8.9.0
2024-12-04 09:38:18,457 [WARN] PackLoader:240 - Cannot read IP mode file for SEGGER.I-CUBE-embOS.1.3.1
2024-12-04 09:38:18,543 [WARN] PackLoader:240 - Cannot read IP mode file for STMicroelectronics.X-CUBE-ALGOBUILD.1.4.0
2024-12-04 09:38:18,548 [WARN] PackLoader:240 - Cannot read IP mode file for STMicroelectronics.X-CUBE-AI.9.1.0
2024-12-04 09:38:18,553 [INFO] WebApp:448 - Apply proxy settings
2024-12-04 09:38:18,554 [INFO] WebApp:533 - Chromium requires no authentication
2024-12-04 09:38:18,565 [INFO] WebApp:476 - Direct internet connection detected
2024-12-04 09:38:18,572 [WARN] PackLoader:240 - Cannot read IP mode file for STMicroelectronics.X-CUBE-AZRTOS-F4.1.1.0
2024-12-04 09:38:18,582 [WARN] PackLoader:240 - Cannot read IP mode file for STMicroelectronics.X-CUBE-ISPU.2.1.0
2024-12-04 09:38:18,588 [WARN] PackLoader:240 - Cannot read IP mode file for STMicroelectronics.X-CUBE-FREERTOS.1.2.0
2024-12-04 09:38:18,596 [INFO] WebApp:869 - Register for checkConnection events
2024-12-04 09:38:18,596 [INFO] WebApp:448 - Apply proxy settings
2024-12-04 09:38:18,597 [INFO] WebApp:533 - Chromium requires no authentication
2024-12-04 09:38:18,597 [INFO] WebApp:476 - Direct internet connection detected
2024-12-04 09:38:18,607 [WARN] PackLoader:240 - Cannot read IP mode file for STMicroelectronics.X-CUBE-AZRTOS-L5.2.0.0
2024-12-04 09:38:18,618 [WARN] PackLoader:240 - Cannot read IP mode file for STMicroelectronics.X-CUBE-NFC6.3.1.0
2024-12-04 09:38:18,625 [WARN] PackLoader:240 - Cannot read IP mode file for STMicroelectronics.X-CUBE-DPower.1.2.0
2024-12-04 09:38:18,634 [WARN] PackLoader:240 - Cannot read IP mode file for STMicroelectronics.X-CUBE-AI.9.0.0
2024-12-04 09:38:18,640 [WARN] PackLoader:240 - Cannot read IP mode file for STMicroelectronics.X-CUBE-NFC7.1.0.1
2024-12-04 09:38:18,662 [WARN] ConditionMgr:438 - getConditionDescription Invalid condition id : LAN8742 Phy interface Condition cause : null
2024-12-04 09:38:18,662 [WARN] PackLoader:240 - Cannot read IP mode file for STMicroelectronics.X-CUBE-AZRTOS-L4.2.0.0
2024-12-04 09:38:18,664 [WARN] ConditionMgr:1039 - genDependencies : Invalid condition id : LAN8742 Phy interface Condition cause : null
2024-12-04 09:38:18,665 [WARN] ConditionMgr:1039 - genDependencies : Invalid condition id : LAN8742 Phy interface Condition cause : null
2024-12-04 09:38:18,665 [WARN] ConditionMgr:1039 - genDependencies : Invalid condition id : LAN8742 Phy interface Condition cause : null
2024-12-04 09:38:18,674 [WARN] PackLoader:240 - Cannot read IP mode file for STMicroelectronics.X-CUBE-SFXS2LP1.4.0.0
2024-12-04 09:38:18,703 [WARN] PackLoader:240 - Cannot read IP mode file for STMicroelectronics.X-CUBE-AZRTOS-H7.3.3.0
2024-12-04 09:38:18,726 [WARN] PackLoader:240 - Cannot read IP mode file for STMicroelectronics.X-CUBE-IPS.3.0.0
2024-12-04 09:38:18,748 [WARN] ConditionMgr:438 - getConditionDescription Invalid condition id : UX DEVICE CLASS RTOS Condition cause : null
2024-12-04 09:38:18,748 [WARN] ConditionMgr:438 - getConditionDescription Invalid condition id : UX DEVICE CLASS RTOS Condition cause : null
2024-12-04 09:38:18,751 [WARN] PackLoader:240 - Cannot read IP mode file for STMicroelectronics.X-CUBE-AZRTOS-WB.2.0.0
2024-12-04 09:38:18,752 [WARN] ConditionMgr:1039 - genDependencies : Invalid condition id : UX DEVICE CLASS RTOS Condition cause : null
2024-12-04 09:38:18,752 [WARN] ConditionMgr:1039 - genDependencies : Invalid condition id : UX DEVICE CLASS RTOS Condition cause : null
2024-12-04 09:38:18,753 [WARN] ConditionMgr:1039 - genDependencies : Invalid condition id : UX DEVICE CLASS RTOS Condition cause : null
2024-12-04 09:38:18,753 [WARN] ConditionMgr:1039 - genDependencies : Invalid condition id : UX DEVICE CLASS RTOS Condition cause : null
2024-12-04 09:38:18,753 [WARN] ConditionMgr:1039 - genDependencies : Invalid condition id : UX DEVICE CLASS RTOS Condition cause : null
2024-12-04 09:38:18,760 [WARN] PackLoader:240 - Cannot read IP mode file for STMicroelectronics.X-CUBE-GNSS1.7.0.0
2024-12-04 09:38:18,769 [WARN] PackLoader:240 - Cannot read IP mode file for STMicroelectronics.FP-SNS-STBOX1.2.0.0
2024-12-04 09:38:18,781 [WARN] PackLoader:240 - Cannot read IP mode file for STMicroelectronics.X-CUBE-SUBG2.5.0.0
2024-12-04 09:38:18,789 [WARN] PackLoader:240 - Cannot read IP mode file for Cesanta.I-CUBE-Mongoose.7.13.0
2024-12-04 09:38:18,806 [WARN] PackLoader:240 - Cannot read IP mode file for STMicroelectronics.X-CUBE-AZRTOS-G4.2.0.0
2024-12-04 09:38:18,809 [INFO] WebApp:220 - Starting web application
2024-12-04 09:38:18,810 [INFO] WebApp:578 - Web application path used /home/douae/st/stm32cubeide_1.16.1/plugins/com.st.stm32cube.common.mx_6.12.1.202409122256/db/plugins/mcufinder/reactClient1/index.html
2024-12-04 09:38:18,813 [WARN] PackLoader:240 - Cannot read IP mode file for STMicroelectronics.X-CUBE-ALS.1.0.2
2024-12-04 09:38:18,819 [WARN] PackLoader:240 - Cannot read IP mode file for STMicroelectronics.X-CUBE-TOUCHGFX.4.24.0
2024-12-04 09:38:18,822 [WARN] PackLoader:240 - Cannot read IP mode file for STMicroelectronics.X-CUBE-TOUCHGFX.4.24.1
2024-12-04 09:38:18,826 [WARN] PackLoader:240 - Cannot read IP mode file for wolfSSL.I-CUBE-wolfTPM.3.4.0
2024-12-04 09:38:18,831 [WARN] PackLoader:240 - Cannot read IP mode file for portGmbH.I-Cube-SoM-uGOAL.1.1.0
2024-12-04 09:38:18,863 [WARN] PackLoader:240 - Cannot read IP mode file for STMicroelectronics.X-CUBE-AZRTOS-H7RS.1.0.0
2024-12-04 09:38:18,872 [WARN] PackLoader:240 - Cannot read IP mode file for STMicroelectronics.FP-ATR-ASTRA1.2.0.0
2024-12-04 09:38:18,886 [WARN] PackLoader:240 - Cannot read IP mode file for STMicroelectronics.X-CUBE-TOF1.3.4.2
2024-12-04 09:38:18,945 [WARN] PackLoader:240 - Cannot read IP mode file for Infineon.AIROC-Wi-Fi-Bluetooth-STM32.1.6.1
2024-12-04 09:38:18,956 [WARN] PackLoader:240 - Cannot read IP mode file for wolfSSL.I-CUBE-wolfSSH.1.4.17
2024-12-04 09:38:18,956 [INFO] ThirdParty:978 - Integrity check success = true
2024-12-04 09:38:18,957 [INFO] IntegrityCheckThread:100 - exiting critical section [integrity check]
2024-12-04 09:38:18,957 [INFO] IntegrityCheckThread:103 - End integrity checks thread
2024-12-04 09:38:19,244 [INFO] WebApp:186 - Connection restablished
